[Sun Sep  9 23:31:06.160 2012] 0.000 sec [bool/2/rel 0 (0,5)] [task_core]
[Mon Sep 10 01:10:03.058 2012] 0.000 sec [bool/2/rel 0 (0,5)] [task_core]
[Mon Sep 10 03:13:49.974 2012] 0.000 sec [bool/2/rel 0 (0,5)] [task_core]
[Mon Sep 10 03:18:14.153 2012] 0.000 sec [bool/2/rel 0 (0,5)] [task_core]
[Mon Sep 10 03:20:13.987 2012] 0.000 sec [bool/2/rel 0 (0,5)] [task_core]
[Mon Sep 10 03:31:38.638 2012] 0.000 sec [bool/2/rel 0 (0,5)] [task_core]
[Mon Sep 10 03:34:06.145 2012] 0.000 sec [bool/2/rel 0 (0,5)] [task_core]
[Mon Sep 10 03:34:54.839 2012] 0.000 sec [bool/2/rel 0 (0,5)] [task_core]
[Mon Sep 10 03:35:48.610 2012] 0.000 sec [bool/2/rel 0 (0,5)] [task_core]
[Mon Sep 10 03:37:20.657 2012] 0.000 sec [bool/2/rel 0 (0,5)] [task_core]
[Mon Sep 10 03:47:25.550 2012] 0.000 sec [bool/2/rel 0 (0,5)] [task_core]
[Mon Sep 10 03:51:12.565 2012] 0.000 sec [bool/2/rel 0 (0,5)] [task_core]
[Mon Sep 10 03:57:32.333 2012] 0.000 sec [bool/2/rel 0 (0,5)] [task_core]
[Mon Sep 10 03:57:58.680 2012] 0.000 sec [bool/2/rel 0 (0,5)] [task_core]
[Mon Sep 10 04:44:29.416 2012] 0.000 sec [bool/2/rel 0 (0,5)] [task_core]
[Mon Sep 10 04:45:51.175 2012] 0.000 sec [bool/2/rel 0 (0,5)] [task_core]
[Mon Sep 10 09:05:10.024 2012] 0.009 sec [bool/2/rel 13 (0,5)] [task_core]
[Mon Sep 10 09:05:32.124 2012] 0.000 sec [bool/2/rel 13 (5,5)] [task_core]
[Mon Sep 10 09:09:15.335 2012] 0.000 sec [bool/2/rel 13 (0,5)] [task_core]
[Mon Sep 10 09:20:00.819 2012] 0.000 sec [bool/2/rel 13 (0,5)] [task_core]
[Mon Sep 10 09:20:05.202 2012] 0.000 sec [bool/2/rel 13 (10,5)] [task_core]
[Mon Sep 10 09:20:06.996 2012] 0.000 sec [bool/2/rel 13 (5,5)] [task_core]
[Mon Sep 10 09:20:09.488 2012] 0.000 sec [bool/2/rel 13 (0,5)] [task_core]
[Mon Sep 10 10:12:10.472 2012] 0.015 sec [bool/2/rel 0 (0,5)] [task_core]
[Mon Sep 10 10:17:08.022 2012] 0.000 sec [bool/2/rel 0 (0,5)] [task_core]
[Mon Sep 10 10:18:59.655 2012] 0.000 sec [bool/2/rel 0 (0,5)] [task_core]
[Mon Sep 10 10:28:08.677 2012] 0.000 sec [bool/2/rel 0 (0,5)] [task_core]
[Mon Sep 10 10:28:38.825 2012] 0.000 sec [bool/2/rel 0 (0,5)] [task_core]
[Mon Sep 10 10:28:57.403 2012] 0.000 sec [bool/2/rel 0 (0,5)] [task_core]
[Mon Sep 10 10:29:15.092 2012] 0.000 sec [bool/2/rel 0 (0,5)] [task_core]
[Mon Sep 10 10:29:41.846 2012] 0.000 sec [bool/2/rel 0 (0,5)] [task_core]
[Mon Sep 10 10:30:19.968 2012] 0.000 sec [bool/2/rel 0 (0,5)] [task_core]
[Mon Sep 10 10:31:46.731 2012] 0.000 sec [bool/2/rel 3 (0,5)] [task_core]
[Mon Sep 10 10:35:28.680 2012] 0.000 sec [bool/2/rel 3 (0,5)] [task_core]
[Mon Sep 10 10:36:16.618 2012] 0.000 sec [bool/2/rel 3 (0,5)] [task_core]
[Mon Sep 10 10:38:43.381 2012] 0.000 sec [bool/2/rel 3 (0,5)] [task_core]
[Mon Sep 10 10:50:08.694 2012] 0.000 sec [bool/2/rel 3 (0,5)] [task_core]
[Mon Sep 10 10:50:11.162 2012] 0.000 sec [bool/2/rel 3 (0,5)] [task_core]
[Mon Sep 10 10:52:54.481 2012] 0.000 sec [bool/2/rel 3 (0,5)] [task_core]
[Mon Sep 10 11:01:30.759 2012] 0.000 sec [bool/2/rel 3 (0,5)] [task_core]
[Mon Sep 10 11:01:39.712 2012] 0.000 sec [bool/2/rel 3 (0,5)] [task_core]
[Mon Sep 10 11:04:52.059 2012] 0.000 sec [bool/2/rel 3 (0,5)] [task_core]
[Mon Sep 10 11:05:45.063 2012] 0.000 sec [bool/2/rel 3 (0,5)] [task_core]
[Mon Sep 10 11:06:24.250 2012] 0.000 sec [bool/2/rel 3 (0,5)] [task_core]
[Mon Sep 10 11:07:37.605 2012] 0.000 sec [bool/2/rel 3 (0,5)] [task_core]
[Mon Sep 10 11:07:43.709 2012] 0.000 sec [bool/2/rel 3 (0,5)] [task_core]
[Mon Sep 10 11:07:48.032 2012] 0.000 sec [bool/2/rel 3 (0,5)] [task_core]
[Mon Sep 10 11:08:23.411 2012] 0.000 sec [bool/2/rel 9 (0,5)] [task_core]
[Mon Sep 10 11:08:25.854 2012] 0.000 sec [bool/2/rel 9 (5,5)] [task_core]
[Mon Sep 10 11:08:27.736 2012] 0.000 sec [bool/2/rel 9 (0,5)] [task_core]
[Mon Sep 10 11:08:29.462 2012] 0.000 sec [bool/2/rel 9 (5,5)] [task_core]
[Mon Sep 10 11:08:34.549 2012] 0.000 sec [bool/2/rel 9 (0,5)] [task_core]
[Mon Sep 10 11:08:37.802 2012] 0.000 sec [bool/2/rel 9 (5,5)] [task_core]
[Mon Sep 10 11:20:44.782 2012] 0.000 sec [bool/2/rel 9 (0,5)] [task_core]
[Mon Sep 10 11:21:54.993 2012] 0.000 sec [bool/2/rel 9 (0,5)] [task_core]
[Mon Sep 10 11:21:57.158 2012] 0.000 sec [bool/2/rel 9 (5,5)] [task_core]
[Mon Sep 10 11:22:05.230 2012] 0.000 sec [bool/2/rel 9 (0,5)] [task_core]
[Mon Sep 10 11:27:28.546 2012] 0.000 sec [bool/2/rel 9 (0,5)] [task_core]
[Mon Sep 10 11:27:31.994 2012] 0.000 sec [bool/2/rel 9 (5,5)] [task_core]
[Mon Sep 10 11:28:52.641 2012] 0.000 sec [bool/2/rel 9 (0,5)] [task_core]
[Mon Sep 10 11:28:55.731 2012] 0.000 sec [bool/2/rel 9 (5,5)] [task_core]
[Mon Sep 10 11:34:07.735 2012] 0.000 sec [bool/2/rel 9 (0,5)] [task_core]
[Mon Sep 10 11:34:10.480 2012] 0.000 sec [bool/2/rel 9 (5,5)] [task_core]
[Mon Sep 10 11:40:44.343 2012] 0.000 sec [bool/2/rel 9 (0,5)] [task_core]
[Mon Sep 10 11:49:12.346 2012] 0.000 sec [bool/2/rel 9 (0,5)] [task_core]
[Mon Sep 10 11:49:16.326 2012] 0.000 sec [bool/2/rel 9 (5,5)] [task_core]
[Mon Sep 10 11:49:20.644 2012] 0.000 sec [bool/2/rel 9 (0,5)] [task_core]
[Mon Sep 10 11:49:22.971 2012] 0.000 sec [bool/2/rel 9 (5,5)] [task_core]
[Mon Sep 10 11:49:24.865 2012] 0.000 sec [bool/2/rel 9 (0,5)] [task_core]
[Mon Sep 10 11:49:29.786 2012] 0.000 sec [bool/2/rel 9 (5,5)] [task_core]
[Mon Sep 10 12:04:47.889 2012] 0.000 sec [bool/2/rel 9 (0,5)] [task_core]
[Mon Sep 10 12:04:51.939 2012] 0.000 sec [bool/2/rel 9 (0,5)] [task_core]
[Mon Sep 10 12:05:15.873 2012] 0.000 sec [bool/2/rel 9 (0,5)] [task_core]
[Mon Sep 10 12:05:38.582 2012] 0.000 sec [bool/2/rel 9 (0,5)] [task_core]
[Mon Sep 10 12:05:41.751 2012] 0.000 sec [bool/2/rel 9 (0,5)] [task_core]
[Mon Sep 10 12:05:44.143 2012] 0.000 sec [bool/2/rel 9 (0,5)] [task_core]
[Mon Sep 10 12:06:18.374 2012] 0.000 sec [bool/2/rel 9 (0,5)] [task_core]
[Mon Sep 10 12:08:05.291 2012] 0.000 sec [bool/2/rel 9 (0,5)] [task_core]
[Mon Sep 10 12:08:20.165 2012] 0.020 sec [bool/2/rel 0 (0,5)] [task_core] gd
[Mon Sep 10 12:08:28.394 2012] 0.000 sec [bool/2/rel 9 (0,5)] [task_core]
[Mon Sep 10 12:08:37.188 2012] 0.000 sec [bool/2/rel 0 (0,5)] [task_core] gd
[Mon Sep 10 12:09:00.410 2012] 0.000 sec [bool/2/rel 9 (5,5)] [task_core]
[Mon Sep 10 12:09:09.753 2012] 0.000 sec [bool/2/rel 1 (0,5)] [task_core] code
[Mon Sep 10 12:09:25.870 2012] 0.000 sec [bool/2/rel 1 (0,5)] [task_core] {"\"code\""=>"code code"}
[Mon Sep 10 12:14:03.259 2012] 0.000 sec [bool/2/rel 9 (0,5)] [task_core]
[Fri Sep 14 21:03:27.287 2012] 0.013 sec [bool/2/rel 10 (0,5)] [task_core]
[Fri Sep 14 21:03:48.654 2012] 0.000 sec [bool/2/rel 10 (0,5)] [task_core]
[Fri Sep 14 21:03:54.730 2012] 0.000 sec [bool/2/rel 10 (5,5)] [task_core]
[Fri Sep 14 21:14:42.738 2012] 0.000 sec [bool/2/rel 10 (0,5)] [task_core]
[Fri Sep 14 21:14:57.983 2012] 0.000 sec [bool/2/rel 10 (5,5)] [task_core]
[Fri Sep 14 21:16:33.572 2012] 0.000 sec [bool/2/rel 10 (0,5)] [task_core]
[Fri Sep 14 21:59:42.718 2012] 0.000 sec [bool/2/rel 10 (0,5)] [task_core]
[Fri Sep 14 22:05:01.562 2012] 0.000 sec [bool/2/rel 10 (0,5)] [task_core]
[Fri Sep 14 22:43:56.544 2012] 0.000 sec [bool/2/rel 10 (0,5)] [task_core]
[Fri Sep 14 22:51:53.923 2012] 0.000 sec [bool/2/rel 0 (0,5)] [task_core]
[Fri Sep 14 22:53:01.026 2012] 0.000 sec [bool/2/rel 0 (0,5)] [task_core]
[Fri Sep 14 23:29:40.464 2012] 0.000 sec [bool/2/rel 0 (0,5)] [task_core]
[Fri Sep 14 23:48:59.120 2012] 0.000 sec [bool/2/rel 0 (0,5)] [task_core]
[Sat Sep 15 00:12:55.999 2012] 0.000 sec [bool/2/rel 0 (0,5)] [task_core]
[Sun Sep 16 14:59:43.698 2012] 0.045 sec [bool/2/rel 3 (0,5)] [task_core]
[Sun Sep 16 14:59:44.996 2012] 0.000 sec [bool/2/rel 3 (0,5)] [task_core]
[Sun Sep 16 14:59:45.243 2012] 0.000 sec [bool/2/rel 3 (0,5)] [task_core]
[Sun Sep 16 14:59:45.530 2012] 0.000 sec [bool/2/rel 3 (0,5)] [task_core]
[Sun Sep 16 14:59:45.784 2012] 0.000 sec [bool/2/rel 3 (0,5)] [task_core]
[Sun Sep 16 14:59:46.075 2012] 0.000 sec [bool/2/rel 3 (0,5)] [task_core]
[Sun Sep 16 14:59:46.361 2012] 0.000 sec [bool/2/rel 3 (0,5)] [task_core]
[Sun Sep 16 14:59:47.603 2012] 0.000 sec [bool/2/rel 3 (0,5)] [task_core]
[Sun Sep 16 15:00:07.722 2012] 0.000 sec [bool/2/rel 3 (0,5)] [task_core]
[Sun Sep 16 15:01:19.083 2012] 0.000 sec [bool/2/rel 3 (0,5)] [task_core]
[Sun Sep 16 15:01:26.714 2012] 0.012 sec [bool/2/rel 1 (0,5)] [task_core] 11
